<?xml version="1.0" encoding="UTF-8"?>
<!-- Generated by org.testng.reporters.JUnitXMLReporter -->
<testsuite hostname="DESKTOP-EVHKK01" ignored="0" name="Test3" tests="1" failures="1" timestamp="2020-08-04T21:48:03 IST" time="1.229" errors="0">
  <testcase name="crossbrowser" time="1.226" classname="crossbrowser.cross">
    <failure type="java.lang.AssertionError" message="did not expect to find [true] but found [false]">
      <![CDATA[java.lang.AssertionError: did not expect to find [true] but found [false]
at crossbrowser.cross.crossbrowser(cross.java:41)
at java.util.ArrayList.forEach(Unknown Source)
... Removed 31 stack frames]]>
    </failure>
  </testcase> <!-- crossbrowser -->
</testsuite> <!-- Test3 -->
