<?xml version="1.0" encoding="UTF-8"?>
<testng-results skipped="0" failed="0" ignored="0" total="1" passed="1">
  <reporter-output>
  </reporter-output>
  <suite name="Default suite" duration-ms="39" started-at="2020-09-03T10:36:45 IST" finished-at="2020-09-03T10:36:45 IST">
    <groups>
    </groups>
    <test name="Default test" duration-ms="39" started-at="2020-09-03T10:36:45 IST" finished-at="2020-09-03T10:36:45 IST">
      <class name="smallesandlargestnumber">
        <test-method status="PASS" signature="smallandlargenumber()[pri:0, instance:smallesandlargestnumber@5f282abb]" name="smallandlargenumber" duration-ms="9" started-at="2020-09-03T10:36:45 IST" finished-at="2020-09-03T10:36:45 IST">
          <reporter-output>
          </reporter-output>
        </test-method> <!-- smallandlargenumber -->
      </class> <!-- smallesandlargestnumber -->
    </test> <!-- Default test -->
  </suite> <!-- Default suite -->
</testng-results>
